reports/org-jlleitschuh-gradle-ktlint/14-0-1-to-14-2-0/run-26315280070/phase1/before/shared-ui/build/outputs/logs/manifest-merger-debug-report.txt
-- Merging decision tree log ---
manifest
ADDED from src/androidMain/AndroidManifest.xml:2:1-13
INJECTED from src/androidMain/AndroidManifest.xml:2:1-13
	package
		INJECTED from src/androidMain/AndroidManifest.xml
uses-sdk
INJECTED from src/androidMain/AndroidManifest.xml reason: use-sdk injection requested
INJECTED from src/androidMain/AndroidManifest.xml
INJECTED from src/androidMain/AndroidManifest.xml
	android:targetSdkVersion
		INJECTED from src/androidMain/AndroidManifest.xml
	android:minSdkVersion
		INJECTED from src/androidMain/AndroidManifest.xml